# JRE version: OpenJDK Runtime Environment GraalVM CE 22.1.0 (17.0.3+7) (build 17.0.3+7-jvmci-22.1-b06)
# Java VM: OpenJDK 64-Bit Server VM GraalVM CE 22.1.0 (17.0.3+7-jvmci-22.1-b06, mixed mode, sharing, tiered, jvmci, jvmci compiler, compressed oops, compressed class ptrs, parallel gc, linux-amd64)
GC Precious Log:
 CPUs: 16 total, 4 available
 Memory: 4096M
 Large Page Support: Disabled
 NUMA Support: Disabled
 Compressed Oops: Enabled (32-bit)
 Alignments: Space 512K, Generation 512K, Heap 2M
 Heap Min Capacity: 100M
 Heap Initial Capacity: 100M
 Heap Max Capacity: 1G
 Pre-touch: Disabled
 Parallel Workers: 4
Heap:
 PSYoungGen      total 13824K, used 11975K [0x00000000eab00000, 0x00000000ec480000, 0x0000000100000000)
  eden space 6656K, 73% used [0x00000000eab00000,0x00000000eafbf030,0x00000000eb180000)
  from space 7168K, 99% used [0x00000000ebd80000,0x00000000ec472d48,0x00000000ec480000)
  to   space 8704K, 0% used [0x00000000eb380000,0x00000000eb380000,0x00000000ebc00000)
 ParOldGen       total 321024K, used 203609K [0x00000000c0000000, 0x00000000d3980000, 0x00000000eab00000)
  object space 321024K, 63% used [0x00000000c0000000,0x00000000cc6d66b0,0x00000000d3980000)
 Metaspace       used 44703K, committed 45440K, reserved 1089536K
  class space    used 4620K, committed 4928K, reserved 1048576K
GC Heap History (20 events):
Event: 18.216 GC heap before
{Heap before GC invocations=95 (full 8):
 PSYoungGen      total 71680K, used 47616K [0x00000000eab00000, 0x00000000f0980000, 0x0000000100000000)
  eden space 47616K, 100% used [0x00000000eab00000,0x00000000ed980000,0x00000000ed980000)
  from space 24064K, 0% used [0x00000000ef200000,0x00000000ef200000,0x00000000f0980000)
  to   space 24576K, 0% used [0x00000000ed980000,0x00000000ed980000,0x00000000ef180000)
 ParOldGen       total 422912K, used 321468K [0x00000000c0000000, 0x00000000d9d00000, 0x00000000eab00000)
  object space 422912K, 76% used [0x00000000c0000000,0x00000000d39ef388,0x00000000d9d00000)
 Metaspace       used 44215K, committed 44992K, reserved 1089536K
  class space    used 4582K, committed 4928K, reserved 1048576K
}
Event: 18.226 GC heap after
{Heap after GC invocations=95 (full 8):
 PSYoungGen      total 64512K, used 16629K [0x00000000eab00000, 0x00000000f0280000, 0x0000000100000000)
  eden space 47616K, 0% used [0x00000000eab00000,0x00000000eab00000,0x00000000ed980000)
  from space 16896K, 98% used [0x00000000ed980000,0x00000000ee9bd7b0,0x00000000eea00000)
  to   space 18944K, 0% used [0x00000000ef000000,0x00000000ef000000,0x00000000f0280000)
 ParOldGen       total 422912K, used 321468K [0x00000000c0000000, 0x00000000d9d00000, 0x00000000eab00000)
  object space 422912K, 76% used [0x00000000c0000000,0x00000000d39ef388,0x00000000d9d00000)
 Metaspace       used 44215K, committed 44992K, reserved 1089536K
  class space    used 4582K, committed 4928K, reserved 1048576K
}
Event: 19.098 GC heap before
{Heap before GC invocations=96 (full 8):
 PSYoungGen      total 64512K, used 64245K [0x00000000eab00000, 0x00000000f0280000, 0x0000000100000000)
  eden space 47616K, 100% used [0x00000000eab00000,0x00000000ed980000,0x00000000ed980000)
  from space 16896K, 98% used [0x00000000ed980000,0x00000000ee9bd7b0,0x00000000eea00000)
  to   space 18944K, 0% used [0x00000000ef000000,0x00000000ef000000,0x00000000f0280000)
 ParOldGen       total 422912K, used 321468K [0x00000000c0000000, 0x00000000d9d00000, 0x00000000eab00000)
  object space 422912K, 76% used [0x00000000c0000000,0x00000000d39ef388,0x00000000d9d00000)
 Metaspace       used 44219K, committed 44992K, reserved 1089536K
  class space    used 4582K, committed 4928K, reserved 1048576K
}
Event: 19.139 GC heap after
{Heap after GC invocations=96 (full 8):
 PSYoungGen      total 35328K, used 18927K [0x00000000eab00000, 0x00000000f4700000, 0x0000000100000000)
  eden space 16384K, 0% used [0x00000000eab00000,0x00000000eab00000,0x00000000ebb00000)
  from space 18944K, 99% used [0x00000000ef000000,0x00000000f027be58,0x00000000f0280000)
  to   space 54272K, 0% used [0x00000000ebb00000,0x00000000ebb00000,0x00000000ef000000)
 ParOldGen       total 422912K, used 350895K [0x00000000c0000000, 0x00000000d9d00000, 0x00000000eab00000)
  object space 422912K, 82% used [0x00000000c0000000,0x00000000d56abfa0,0x00000000d9d00000)
 Metaspace       used 44219K, committed 44992K, reserved 1089536K
  class space    used 4582K, committed 4928K, reserved 1048576K
}
Event: 19.536 GC heap before
{Heap before GC invocations=97 (full 8):
 PSYoungGen      total 35328K, used 35311K [0x00000000eab00000, 0x00000000f4700000, 0x0000000100000000)
  eden space 16384K, 100% used [0x00000000eab00000,0x00000000ebb00000,0x00000000ebb00000)
  from space 18944K, 99% used [0x00000000ef000000,0x00000000f027be58,0x00000000f0280000)
  to   space 54272K, 0% used [0x00000000ebb00000,0x00000000ebb00000,0x00000000ef000000)
 ParOldGen       total 422912K, used 350895K [0x00000000c0000000, 0x00000000d9d00000, 0x00000000eab00000)
  object space 422912K, 82% used [0x00000000c0000000,0x00000000d56abfa0,0x00000000d9d00000)
 Metaspace       used 44219K, committed 44992K, reserved 1089536K
  class space    used 4582K, committed 4928K, reserved 1048576K
}
Event: 19.568 GC heap after
{Heap after GC invocations=97 (full 8):
 PSYoungGen      total 32768K, used 16316K [0x00000000eab00000, 0x00000000ef380000, 0x0000000100000000)
  eden space 16384K, 0% used [0x00000000eab00000,0x00000000eab00000,0x00000000ebb00000)
  from space 16384K, 99% used [0x00000000ebb00000,0x00000000ecaef1e0,0x00000000ecb00000)
  to   space 28160K, 0% used [0x00000000ed800000,0x00000000ed800000,0x00000000ef380000)
 ParOldGen       total 422912K, used 367744K [0x00000000c0000000, 0x00000000d9d00000, 0x00000000eab00000)
  object space 422912K, 86% used [0x00000000c0000000,0x00000000d67203d0,0x00000000d9d00000)
 Metaspace       used 44219K, committed 44992K, reserved 1089536K
  class space    used 4582K, committed 4928K, reserved 1048576K
}
Event: 19.967 GC heap before
{Heap before GC invocations=98 (full 8):
 PSYoungGen      total 32768K, used 32700K [0x00000000eab00000, 0x00000000ef380000, 0x0000000100000000)
  eden space 16384K, 100% used [0x00000000eab00000,0x00000000ebb00000,0x00000000ebb00000)
  from space 16384K, 99% used [0x00000000ebb00000,0x00000000ecaef1e0,0x00000000ecb00000)
  to   space 28160K, 0% used [0x00000000ed800000,0x00000000ed800000,0x00000000ef380000)
 ParOldGen       total 422912K, used 367744K [0x00000000c0000000, 0x00000000d9d00000, 0x00000000eab00000)
  object space 422912K, 86% used [0x00000000c0000000,0x00000000d67203d0,0x00000000d9d00000)
 Metaspace       used 44260K, committed 45056K, reserved 1089536K
  class space    used 4582K, committed 4928K, reserved 1048576K
}
Event: 20.013 GC heap after
{Heap after GC invocations=98 (full 8):
 PSYoungGen      total 40960K, used 28129K [0x00000000eab00000, 0x00000000efd80000, 0x0000000100000000)
  eden space 12800K, 0% used [0x00000000eab00000,0x00000000eab00000,0x00000000eb780000)
  from space 28160K, 99% used [0x00000000ed800000,0x00000000ef3787b0,0x00000000ef380000)
  to   space 33280K, 0% used [0x00000000eb780000,0x00000000eb780000,0x00000000ed800000)
 ParOldGen       total 422912K, used 370031K [0x00000000c0000000, 0x00000000d9d00000, 0x00000000eab00000)
  object space 422912K, 87% used [0x00000000c0000000,0x00000000d695bd58,0x00000000d9d00000)
 Metaspace       used 44260K, committed 45056K, reserved 1089536K
  class space    used 4582K, committed 4928K, reserved 1048576K
}
Event: 20.751 GC heap before
{Heap before GC invocations=99 (full 8):
 PSYoungGen      total 40960K, used 40929K [0x00000000eab00000, 0x00000000efd80000, 0x0000000100000000)
  eden space 12800K, 100% used [0x00000000eab00000,0x00000000eb780000,0x00000000eb780000)
  from space 28160K, 99% used [0x00000000ed800000,0x00000000ef3787b0,0x00000000ef380000)
  to   space 33280K, 0% used [0x00000000eb780000,0x00000000eb780000,0x00000000ed800000)
 ParOldGen       total 422912K, used 370031K [0x00000000c0000000, 0x00000000d9d00000, 0x00000000eab00000)
  object space 422912K, 87% used [0x00000000c0000000,0x00000000d695bd58,0x00000000d9d00000)
 Metaspace       used 44495K, committed 45248K, reserved 1089536K
  class space    used 4615K, committed 4928K, reserved 1048576K
}
Event: 20.784 GC heap after
{Heap after GC invocations=99 (full 8):
 PSYoungGen      total 19968K, used 7075K [0x00000000eab00000, 0x00000000ed880000, 0x0000000100000000)
  eden space 12800K, 0% used [0x00000000eab00000,0x00000000eab00000,0x00000000eb780000)
  from space 7168K, 98% used [0x00000000eb780000,0x00000000ebe68d40,0x00000000ebe80000)
  to   space 15872K, 0% used [0x00000000ec900000,0x00000000ec900000,0x00000000ed880000)
 ParOldGen       total 422912K, used 395620K [0x00000000c0000000, 0x00000000d9d00000, 0x00000000eab00000)
  object space 422912K, 93% used [0x00000000c0000000,0x00000000d8259068,0x00000000d9d00000)
 Metaspace       used 44495K, committed 45248K, reserved 1089536K
  class space    used 4615K, committed 4928K, reserved 1048576K
}
Event: 20.784 GC heap before
{Heap before GC invocations=100 (full 9):
 PSYoungGen      total 19968K, used 7075K [0x00000000eab00000, 0x00000000ed880000, 0x0000000100000000)
  eden space 12800K, 0% used [0x00000000eab00000,0x00000000eab00000,0x00000000eb780000)
  from space 7168K, 98% used [0x00000000eb780000,0x00000000ebe68d40,0x00000000ebe80000)
  to   space 15872K, 0% used [0x00000000ec900000,0x00000000ec900000,0x00000000ed880000)
 ParOldGen       total 422912K, used 395620K [0x00000000c0000000, 0x00000000d9d00000, 0x00000000eab00000)
  object space 422912K, 93% used [0x00000000c0000000,0x00000000d8259068,0x00000000d9d00000)
 Metaspace       used 44495K, committed 45248K, reserved 1089536K
  class space    used 4615K, committed 4928K, reserved 1048576K
}
Event: 20.869 GC heap after
{Heap after GC invocations=100 (full 9):
 PSYoungGen      total 28672K, used 0K [0x00000000eab00000, 0x00000000ed780000, 0x0000000100000000)
  eden space 13824K, 0% used [0x00000000eab00000,0x00000000eab00000,0x00000000eb880000)
  from space 14848K, 0% used [0x00000000ec900000,0x00000000ec900000,0x00000000ed780000)
  to   space 15872K, 0% used [0x00000000eb880000,0x00000000eb880000,0x00000000ec800000)
 ParOldGen       total 321024K, used 187726K [0x00000000c0000000, 0x00000000d3980000, 0x00000000eab00000)
  object space 321024K, 58% used [0x00000000c0000000,0x00000000cb7539b8,0x00000000d3980000)
 Metaspace       used 44495K, committed 45248K, reserved 1089536K
  class space    used 4615K, committed 4928K, reserved 1048576K
}
Event: 20.883 GC heap before
{Heap before GC invocations=101 (full 9):
 PSYoungGen      total 28672K, used 13824K [0x00000000eab00000, 0x00000000ed780000, 0x0000000100000000)
  eden space 13824K, 100% used [0x00000000eab00000,0x00000000eb880000,0x00000000eb880000)
  from space 14848K, 0% used [0x00000000ec900000,0x00000000ec900000,0x00000000ed780000)
  to   space 15872K, 0% used [0x00000000eb880000,0x00000000eb880000,0x00000000ec800000)
 ParOldGen       total 321024K, used 187726K [0x00000000c0000000, 0x00000000d3980000, 0x00000000eab00000)
  object space 321024K, 58% used [0x00000000c0000000,0x00000000cb7539b8,0x00000000d3980000)
 Metaspace       used 44499K, committed 45248K, reserved 1089536K
  class space    used 4615K, committed 4928K, reserved 1048576K
}
Event: 20.894 GC heap after
{Heap after GC invocations=101 (full 9):
 PSYoungGen      total 17408K, used 3136K [0x00000000eab00000, 0x00000000ec980000, 0x0000000100000000)
  eden space 13824K, 0% used [0x00000000eab00000,0x00000000eab00000,0x00000000eb880000)
  from space 3584K, 87% used [0x00000000eb880000,0x00000000ebb90000,0x00000000ebc00000)
  to   space 6144K, 0% used [0x00000000ec380000,0x00000000ec380000,0x00000000ec980000)
 ParOldGen       total 321024K, used 187726K [0x00000000c0000000, 0x00000000d3980000, 0x00000000eab00000)
  object space 321024K, 58% used [0x00000000c0000000,0x00000000cb7539b8,0x00000000d3980000)
 Metaspace       used 44499K, committed 45248K, reserved 1089536K
  class space    used 4615K, committed 4928K, reserved 1048576K
}
Event: 20.961 GC heap before
{Heap before GC invocations=102 (full 9):
 PSYoungGen      total 17408K, used 16960K [0x00000000eab00000, 0x00000000ec980000, 0x0000000100000000)
  eden space 13824K, 100% used [0x00000000eab00000,0x00000000eb880000,0x00000000eb880000)
  from space 3584K, 87% used [0x00000000eb880000,0x00000000ebb90000,0x00000000ebc00000)
  to   space 6144K, 0% used [0x00000000ec380000,0x00000000ec380000,0x00000000ec980000)
 ParOldGen       total 321024K, used 187726K [0x00000000c0000000, 0x00000000d3980000, 0x00000000eab00000)
  object space 321024K, 58% used [0x00000000c0000000,0x00000000cb7539b8,0x00000000d3980000)
 Metaspace       used 44531K, committed 45248K, reserved 1089536K
  class space    used 4616K, committed 4928K, reserved 1048576K
}
Event: 20.973 GC heap after
{Heap after GC invocations=102 (full 9):
 PSYoungGen      total 11776K, used 6123K [0x00000000eab00000, 0x00000000ee000000, 0x0000000100000000)
  eden space 5632K, 0% used [0x00000000eab00000,0x00000000eab00000,0x00000000eb080000)
  from space 6144K, 99% used [0x00000000ec380000,0x00000000ec97add0,0x00000000ec980000)
  to   space 19456K, 0% used [0x00000000eb080000,0x00000000eb080000,0x00000000ec380000)
 ParOldGen       total 321024K, used 198170K [0x00000000c0000000, 0x00000000d3980000, 0x00000000eab00000)
  object space 321024K, 61% used [0x00000000c0000000,0x00000000cc186828,0x00000000d3980000)
 Metaspace       used 44531K, committed 45248K, reserved 1089536K
  class space    used 4616K, committed 4928K, reserved 1048576K
}
Event: 20.993 GC heap before
{Heap before GC invocations=103 (full 9):
 PSYoungGen      total 11776K, used 11755K [0x00000000eab00000, 0x00000000ee000000, 0x0000000100000000)
  eden space 5632K, 100% used [0x00000000eab00000,0x00000000eb080000,0x00000000eb080000)
  from space 6144K, 99% used [0x00000000ec380000,0x00000000ec97add0,0x00000000ec980000)
  to   space 19456K, 0% used [0x00000000eb080000,0x00000000eb080000,0x00000000ec380000)
 ParOldGen       total 321024K, used 198170K [0x00000000c0000000, 0x00000000d3980000, 0x00000000eab00000)
  object space 321024K, 61% used [0x00000000c0000000,0x00000000cc186828,0x00000000d3980000)
 Metaspace       used 44547K, committed 45248K, reserved 1089536K
  class space    used 4616K, committed 4928K, reserved 1048576K
}
Event: 21.002 GC heap after
{Heap after GC invocations=103 (full 9):
 PSYoungGen      total 15360K, used 9503K [0x00000000eab00000, 0x00000000ec980000, 0x0000000100000000)
  eden space 5632K, 0% used [0x00000000eab00000,0x00000000eab00000,0x00000000eb080000)
  from space 9728K, 97% used [0x00000000eb080000,0x00000000eb9c7f40,0x00000000eba00000)
  to   space 12288K, 0% used [0x00000000ebd80000,0x00000000ebd80000,0x00000000ec980000)
 ParOldGen       total 321024K, used 198178K [0x00000000c0000000, 0x00000000d3980000, 0x00000000eab00000)
  object space 321024K, 61% used [0x00000000c0000000,0x00000000cc188828,0x00000000d3980000)
 Metaspace       used 44547K, committed 45248K, reserved 1089536K
  class space    used 4616K, committed 4928K, reserved 1048576K
}
Event: 21.038 GC heap before
{Heap before GC invocations=104 (full 9):
 PSYoungGen      total 15360K, used 15068K [0x00000000eab00000, 0x00000000ec980000, 0x0000000100000000)
  eden space 5632K, 98% used [0x00000000eab00000,0x00000000eb06f298,0x00000000eb080000)
  from space 9728K, 97% used [0x00000000eb080000,0x00000000eb9c7f40,0x00000000eba00000)
  to   space 12288K, 0% used [0x00000000ebd80000,0x00000000ebd80000,0x00000000ec980000)
 ParOldGen       total 321024K, used 198178K [0x00000000c0000000, 0x00000000d3980000, 0x00000000eab00000)
  object space 321024K, 61% used [0x00000000c0000000,0x00000000cc188828,0x00000000d3980000)
 Metaspace       used 44562K, committed 45312K, reserved 1089536K
  class space    used 4617K, committed 4928K, reserved 1048576K
}
Event: 21.046 GC heap after
{Heap after GC invocations=104 (full 9):
 PSYoungGen      total 13824K, used 7115K [0x00000000eab00000, 0x00000000ec480000, 0x0000000100000000)
  eden space 6656K, 0% used [0x00000000eab00000,0x00000000eab00000,0x00000000eb180000)
  from space 7168K, 99% used [0x00000000ebd80000,0x00000000ec472d48,0x00000000ec480000)
  to   space 8704K, 0% used [0x00000000eb380000,0x00000000eb380000,0x00000000ebc00000)
 ParOldGen       total 321024K, used 203609K [0x00000000c0000000, 0x00000000d3980000, 0x00000000eab00000)
  object space 321024K, 63% used [0x00000000c0000000,0x00000000cc6d66b0,0x00000000d3980000)
 Metaspace       used 44562K, committed 45312K, reserved 1089536K
  class space    used 4617K, committed 4928K, reserved 1048576K
}

